2025-07-15 20:56:17,797 - INFO - Allocated 1 GPUs on qa-a10-024 for task test_task_1
2025-07-15 21:10:38,682 - INFO - Submitted reservation job 1890493 for task reserve_test
2025-07-15 21:11:21,429 - INFO - GPU monitoring started
2025-07-15 21:11:24,388 - INFO - Ensuring minimum GPU reservation: need 1 more
2025-07-15 21:11:25,509 - INFO - Submitted reservation job 1890497 for task auto_reserve_1752628284
2025-07-15 21:41:52,077 - INFO - GPU monitoring started
2025-07-15 21:41:55,077 - INFO - Ensuring minimum GPU reservation: need 1 more
2025-07-15 21:41:56,197 - INFO - Submitted reservation job 1890616 for task auto_reserve_1752630115
2025-07-15 21:42:14,835 - INFO - Received shutdown signal, cleaning up...
2025-07-15 21:42:17,194 - INFO - GPU monitoring stopped
2025-07-15 21:42:28,563 - INFO - GPU monitoring started
2025-07-15 21:42:31,582 - INFO - Ensuring minimum GPU reservation: need 1 more
2025-07-15 21:42:32,698 - INFO - Submitted reservation job 1890619 for task auto_reserve_1752630151
2025-07-15 21:48:29,765 - INFO - GPU monitoring started
2025-07-15 21:52:13,731 - INFO - GPU monitoring started
2025-07-15 21:57:03,220 - INFO - GPU monitoring started
2025-07-15 22:11:27,720 - INFO - GPU monitoring started
2025-07-15 22:11:30,760 - INFO - Ensuring minimum GPU reservation: need 1 more
2025-07-15 22:11:31,883 - INFO - Submitted reservation job 1890917 for task NDFS_auto_1752631890
2025-07-15 22:20:09,133 - INFO - GPU monitoring started
2025-07-15 22:36:59,879 - INFO - Scaling task job_1890917 with additional GPUs from ['qa-a10-024']
2025-07-15 22:37:07,852 - INFO - Scaling task job_1890917 with additional GPUs from ['qa-a10-024']
2025-07-15 22:37:15,895 - INFO - Scaling task job_1890917 with additional GPUs from ['qa-a10-024']
2025-07-15 22:37:23,870 - INFO - Scaling task job_1890917 with additional GPUs from ['qa-a10-024']
2025-07-15 22:37:31,880 - INFO - Scaling task job_1890917 with additional GPUs from ['qa-a10-024']
2025-07-15 22:37:39,870 - INFO - Scaling task job_1890917 with additional GPUs from ['qa-a10-024']
2025-07-15 22:37:47,875 - INFO - Scaling task job_1890917 with additional GPUs from ['qa-a10-024']
2025-07-15 22:37:55,900 - INFO - Scaling task job_1890917 with additional GPUs from ['qa-a10-024']
2025-07-15 22:38:03,849 - INFO - Scaling task job_1890917 with additional GPUs from ['qa-a10-024']
2025-07-15 22:38:11,800 - INFO - Scaling task job_1890917 with additional GPUs from ['qa-a10-024']
2025-07-15 22:38:19,751 - INFO - Scaling task job_1890917 with additional GPUs from ['qa-a10-024']
2025-07-15 22:38:27,724 - INFO - Scaling task job_1890917 with additional GPUs from ['qa-a10-024']
2025-07-15 22:38:37,939 - INFO - Scaling task job_1890917 with additional GPUs from ['qa-a10-024']
2025-07-15 22:38:45,962 - INFO - Scaling task job_1890917 with additional GPUs from ['qa-a10-024']
2025-07-15 22:38:53,914 - INFO - Scaling task job_1890917 with additional GPUs from ['qa-a10-024']
2025-07-15 22:39:01,933 - INFO - Scaling task job_1890917 with additional GPUs from ['qa-a10-024']
2025-07-15 22:39:09,958 - INFO - Scaling task job_1890917 with additional GPUs from ['qa-a10-024']
2025-07-15 22:39:17,964 - INFO - Scaling task job_1890917 with additional GPUs from ['qa-a10-024']
2025-07-15 22:39:26,065 - INFO - Scaling task job_1890917 with additional GPUs from ['qa-a10-024']
2025-07-15 22:39:34,087 - INFO - Scaling task job_1890917 with additional GPUs from ['qa-a10-024']
2025-07-15 22:39:42,116 - INFO - Scaling task job_1890917 with additional GPUs from ['qa-a10-024']
2025-07-15 22:39:50,378 - INFO - Scaling task job_1890917 with additional GPUs from ['qa-a10-024']
2025-07-15 22:39:58,356 - INFO - Scaling task job_1890917 with additional GPUs from ['qa-a10-024']
2025-07-15 22:40:06,373 - INFO - Scaling task job_1890917 with additional GPUs from ['qa-a10-024']
2025-07-15 22:40:14,348 - INFO - Scaling task job_1890917 with additional GPUs from ['qa-a10-024']
2025-07-15 22:40:22,334 - INFO - Scaling task job_1890917 with additional GPUs from ['qa-a10-024']
2025-07-15 22:40:30,292 - INFO - Scaling task job_1890917 with additional GPUs from ['qa-a10-024']
2025-07-15 22:40:38,297 - INFO - Scaling task job_1890917 with additional GPUs from ['qa-a10-024']
2025-07-15 22:40:55,254 - INFO - Scaling task job_1890917 with additional GPUs from ['qa-a10-024']
2025-07-15 22:41:03,650 - INFO - Scaling task job_1890917 with additional GPUs from ['qa-a10-024']
2025-07-15 22:41:11,577 - INFO - Scaling task job_1890917 with additional GPUs from ['qa-a10-024']
2025-07-15 22:41:19,494 - INFO - Scaling task job_1890917 with additional GPUs from ['qa-a10-024']
2025-07-15 22:41:27,461 - INFO - Scaling task job_1890917 with additional GPUs from ['qa-a10-024']
2025-07-15 22:41:35,411 - INFO - Scaling task job_1890917 with additional GPUs from ['qa-a10-024']
2025-07-15 22:41:43,383 - INFO - Scaling task job_1890917 with additional GPUs from ['qa-a10-024']
2025-07-15 22:41:51,355 - INFO - Scaling task job_1890917 with additional GPUs from ['qa-a10-024']
2025-07-15 22:41:59,299 - INFO - Scaling task job_1890917 with additional GPUs from ['qa-a10-024']
2025-07-15 22:42:07,284 - INFO - Scaling task job_1890917 with additional GPUs from ['qa-a10-024']
2025-07-15 22:42:15,222 - INFO - Scaling task job_1890917 with additional GPUs from ['qa-a10-024']
2025-07-15 22:42:23,160 - INFO - Scaling task job_1890917 with additional GPUs from ['qa-a10-024']
2025-07-15 22:42:31,137 - INFO - Scaling task job_1890917 with additional GPUs from ['qa-a10-024']
2025-07-15 22:42:39,095 - INFO - Scaling task job_1890917 with additional GPUs from ['qa-a10-024']
2025-07-15 22:42:47,053 - INFO - Scaling task job_1890917 with additional GPUs from ['qa-a10-024']
2025-07-15 22:42:55,028 - INFO - Scaling task job_1890917 with additional GPUs from ['qa-a10-024']
2025-07-15 22:43:03,165 - INFO - Scaling task job_1890917 with additional GPUs from ['qa-a10-024']
2025-07-15 22:43:11,151 - INFO - Scaling task job_1890917 with additional GPUs from ['qa-a10-024']
2025-07-15 22:43:19,112 - INFO - Scaling task job_1890917 with additional GPUs from ['qa-a10-024']
2025-07-15 22:43:27,126 - INFO - Scaling task job_1890917 with additional GPUs from ['qa-a10-024']
2025-07-15 22:43:35,103 - INFO - Scaling task job_1890917 with additional GPUs from ['qa-a10-024']
2025-07-15 22:43:43,056 - INFO - Scaling task job_1890917 with additional GPUs from ['qa-a10-024']
2025-07-15 22:43:51,020 - INFO - Scaling task job_1890917 with additional GPUs from ['qa-a10-024']
2025-07-15 22:43:59,001 - INFO - Scaling task job_1890917 with additional GPUs from ['qa-a10-024']
2025-07-15 22:44:06,972 - INFO - Scaling task job_1890917 with additional GPUs from ['qa-a10-024']
2025-07-15 22:44:14,887 - INFO - Scaling task job_1890917 with additional GPUs from ['qa-a10-024']
2025-07-15 22:44:22,842 - INFO - Scaling task job_1890917 with additional GPUs from ['qa-a10-024']
2025-07-15 22:44:30,906 - INFO - Scaling task job_1890917 with additional GPUs from ['qa-a10-024']
2025-07-15 22:44:38,888 - INFO - Scaling task job_1890917 with additional GPUs from ['qa-a10-024']
2025-07-15 22:44:47,165 - INFO - Scaling task job_1890917 with additional GPUs from ['qa-a10-024']
2025-07-15 22:44:55,127 - INFO - Scaling task job_1890917 with additional GPUs from ['qa-a10-024']
2025-07-15 22:45:03,096 - INFO - Scaling task job_1890917 with additional GPUs from ['qa-a10-024']
2025-07-15 22:45:11,071 - INFO - Scaling task job_1890917 with additional GPUs from ['qa-a10-024']
2025-07-15 22:45:19,035 - INFO - Scaling task job_1890917 with additional GPUs from ['qa-a10-024']
2025-07-15 22:45:26,988 - INFO - Scaling task job_1890917 with additional GPUs from ['qa-a10-024']
2025-07-15 22:45:34,951 - INFO - Scaling task job_1890917 with additional GPUs from ['qa-a10-024']
2025-07-15 22:45:42,900 - INFO - Scaling task job_1890917 with additional GPUs from ['qa-a10-024']
2025-07-15 22:45:51,809 - INFO - Scaling task job_1890917 with additional GPUs from ['qa-a10-024']
2025-07-15 22:46:00,207 - INFO - Scaling task job_1890917 with additional GPUs from ['qa-a10-024']
2025-07-15 22:46:08,179 - INFO - Scaling task job_1890917 with additional GPUs from ['qa-a10-024']
2025-07-15 22:56:52,915 - INFO - GPU monitoring started
2025-07-15 22:58:40,256 - INFO - GPU monitoring started
2025-07-15 23:02:12,876 - INFO - Scaling task job_1890917 with additional GPUs from ['qa-a10-024']
2025-07-15 23:02:20,885 - INFO - Scaling task job_1890917 with additional GPUs from ['qa-a10-024']
2025-07-15 23:02:28,949 - INFO - Scaling task job_1890917 with additional GPUs from ['qa-a10-024']
2025-07-15 23:02:36,981 - INFO - Scaling task job_1890917 with additional GPUs from ['qa-a10-024']
2025-07-15 23:02:45,017 - INFO - Scaling task job_1890917 with additional GPUs from ['qa-a10-024']
2025-07-15 23:02:52,999 - INFO - Scaling task job_1890917 with additional GPUs from ['qa-a10-024']
2025-07-15 23:03:01,005 - INFO - Scaling task job_1890917 with additional GPUs from ['qa-a10-024']
2025-07-15 23:03:08,963 - INFO - Scaling task job_1890917 with additional GPUs from ['qa-a10-024']
2025-07-15 23:03:16,938 - INFO - Scaling task job_1890917 with additional GPUs from ['qa-a10-024']
2025-07-15 23:03:25,003 - INFO - Scaling task job_1890917 with additional GPUs from ['qa-a10-024']
2025-07-15 23:03:33,033 - INFO - Scaling task job_1890917 with additional GPUs from ['qa-a10-024']
2025-07-15 23:03:41,207 - INFO - Scaling task job_1890917 with additional GPUs from ['qa-a10-024']
2025-07-15 23:03:49,147 - INFO - Scaling task job_1890917 with additional GPUs from ['qa-a10-024']
2025-07-15 23:03:57,145 - INFO - Scaling task job_1890917 with additional GPUs from ['qa-a10-024']
2025-07-15 23:04:05,116 - INFO - Scaling task job_1890917 with additional GPUs from ['qa-a10-024']
2025-07-15 23:04:13,091 - INFO - Scaling task job_1890917 with additional GPUs from ['qa-a10-024']
2025-07-15 23:04:21,041 - INFO - Scaling task job_1890917 with additional GPUs from ['qa-a10-024']
2025-07-15 23:04:29,021 - INFO - Scaling task job_1890917 with additional GPUs from ['qa-a10-024']
2025-07-15 23:04:37,174 - INFO - Scaling task job_1890917 with additional GPUs from ['qa-a10-024']
2025-07-15 23:04:45,151 - INFO - Scaling task job_1890917 with additional GPUs from ['qa-a10-024']
2025-07-15 23:04:53,120 - INFO - Scaling task job_1890917 with additional GPUs from ['qa-a10-024']
2025-07-15 23:05:01,058 - INFO - Scaling task job_1890917 with additional GPUs from ['qa-a10-024']
2025-07-15 23:05:09,009 - INFO - Scaling task job_1890917 with additional GPUs from ['qa-a10-024']
2025-07-15 23:05:16,935 - INFO - Scaling task job_1890917 with additional GPUs from ['qa-a10-024']
2025-07-15 23:05:24,876 - INFO - Scaling task job_1890917 with additional GPUs from ['qa-a10-024']
2025-07-15 23:05:32,830 - INFO - Scaling task job_1890917 with additional GPUs from ['qa-a10-024']
2025-07-15 23:05:40,764 - INFO - Scaling task job_1890917 with additional GPUs from ['qa-a10-024']
2025-07-15 23:05:48,733 - INFO - Scaling task job_1890917 with additional GPUs from ['qa-a10-024']
2025-07-15 23:05:57,056 - INFO - Scaling task job_1890917 with additional GPUs from ['qa-a10-024']
2025-07-15 23:06:05,025 - INFO - Scaling task job_1890917 with additional GPUs from ['qa-a10-024']
2025-07-15 23:06:12,931 - INFO - Scaling task job_1890917 with additional GPUs from ['qa-a10-024']
2025-07-15 23:06:20,918 - INFO - Scaling task job_1890917 with additional GPUs from ['qa-a10-024']
2025-07-15 23:06:28,902 - INFO - Scaling task job_1890917 with additional GPUs from ['qa-a10-024']
2025-07-15 23:06:36,824 - INFO - Scaling task job_1890917 with additional GPUs from ['qa-a10-024']
2025-07-15 23:06:44,745 - INFO - Scaling task job_1890917 with additional GPUs from ['qa-a10-024']
2025-07-15 23:06:52,688 - INFO - Scaling task job_1890917 with additional GPUs from ['qa-a10-024']
2025-07-15 23:07:00,629 - INFO - Scaling task job_1890917 with additional GPUs from ['qa-a10-023', 'qa-a10-024']
2025-07-15 23:07:08,584 - INFO - Scaling task job_1890917 with additional GPUs from ['qa-a10-023', 'qa-a10-024']
2025-07-15 23:07:16,533 - INFO - Scaling task job_1890917 with additional GPUs from ['qa-a10-023', 'qa-a10-024']
2025-07-15 23:07:24,469 - INFO - Scaling task job_1890917 with additional GPUs from ['qa-a10-023', 'qa-a10-024']
2025-07-15 23:07:32,449 - INFO - Scaling task job_1890917 with additional GPUs from ['qa-a10-023', 'qa-a10-024']
2025-07-15 23:07:40,420 - INFO - Scaling task job_1890917 with additional GPUs from ['qa-a10-023', 'qa-a10-024']
2025-07-15 23:07:48,361 - INFO - Scaling task job_1890917 with additional GPUs from ['qa-a10-023', 'qa-a10-024']
2025-07-15 23:07:56,327 - INFO - Scaling task job_1890917 with additional GPUs from ['qa-a10-023', 'qa-a10-024']
2025-07-15 23:08:04,255 - INFO - Scaling task job_1890917 with additional GPUs from ['qa-a10-023', 'qa-a10-024']
2025-07-15 23:08:12,219 - INFO - Scaling task job_1890917 with additional GPUs from ['qa-a10-023', 'qa-a10-024']
2025-07-15 23:08:20,182 - INFO - Scaling task job_1890917 with additional GPUs from ['qa-a10-023', 'qa-a10-024']
2025-07-15 23:08:28,119 - INFO - Scaling task job_1890917 with additional GPUs from ['qa-a10-023', 'qa-a10-024']
2025-07-15 23:08:36,043 - INFO - Scaling task job_1890917 with additional GPUs from ['qa-a10-023', 'qa-a10-024']
2025-07-15 23:08:43,949 - INFO - Scaling task job_1890917 with additional GPUs from ['qa-a10-023', 'qa-a10-024']
2025-07-15 23:08:51,924 - INFO - Scaling task job_1890917 with additional GPUs from ['qa-a10-023', 'qa-a10-024']
2025-07-15 23:08:59,886 - INFO - Scaling task job_1890917 with additional GPUs from ['qa-a10-023', 'qa-a10-024']
2025-07-15 23:09:07,860 - INFO - Scaling task job_1890917 with additional GPUs from ['qa-a10-023', 'qa-a10-024']
2025-07-15 23:09:15,804 - INFO - Scaling task job_1890917 with additional GPUs from ['qa-a10-023', 'qa-a10-024']
2025-07-15 23:09:23,794 - INFO - Scaling task job_1890917 with additional GPUs from ['qa-a10-023', 'qa-a10-024']
2025-07-15 23:09:31,771 - INFO - Scaling task job_1890917 with additional GPUs from ['qa-a10-023', 'qa-a10-024']
2025-07-15 23:09:39,688 - INFO - Scaling task job_1890917 with additional GPUs from ['qa-a10-023', 'qa-a10-024']
2025-07-15 23:09:47,652 - INFO - Scaling task job_1890917 with additional GPUs from ['qa-a10-023', 'qa-a10-024']
2025-07-15 23:09:55,644 - INFO - Scaling task job_1890917 with additional GPUs from ['qa-a10-023', 'qa-a10-024']
2025-07-15 23:10:03,595 - INFO - Scaling task job_1890917 with additional GPUs from ['qa-a10-023', 'qa-a10-024']
2025-07-15 23:10:11,548 - INFO - Scaling task job_1890917 with additional GPUs from ['qa-a10-023', 'qa-a10-024']
2025-07-15 23:10:19,494 - INFO - Scaling task job_1890917 with additional GPUs from ['qa-a10-023', 'qa-a10-024']
2025-07-15 23:10:27,480 - INFO - Scaling task job_1890917 with additional GPUs from ['qa-a10-023', 'qa-a10-024']
2025-07-15 23:10:35,413 - INFO - Scaling task job_1890917 with additional GPUs from ['qa-a10-023', 'qa-a10-024']
2025-07-15 23:10:43,354 - INFO - Scaling task job_1890917 with additional GPUs from ['qa-a10-023', 'qa-a10-024']
2025-07-15 23:10:51,307 - INFO - Scaling task job_1890917 with additional GPUs from ['qa-a10-023', 'qa-a10-024']
2025-07-15 23:10:59,245 - INFO - Scaling task job_1890917 with additional GPUs from ['qa-a10-023', 'qa-a10-024']
2025-07-15 23:11:07,215 - INFO - Scaling task job_1890917 with additional GPUs from ['qa-a10-023', 'qa-a10-024']
2025-07-15 23:11:15,152 - INFO - Scaling task job_1890917 with additional GPUs from ['qa-a10-023', 'qa-a10-024']
2025-07-15 23:11:23,143 - INFO - Scaling task job_1890917 with additional GPUs from ['qa-a10-023', 'qa-a10-024']
2025-07-15 23:11:31,147 - INFO - Scaling task job_1890917 with additional GPUs from ['qa-a10-023', 'qa-a10-024']
2025-07-15 23:11:39,093 - INFO - Scaling task job_1890917 with additional GPUs from ['qa-a10-023', 'qa-a10-024']
2025-07-15 23:11:47,065 - INFO - Scaling task job_1890917 with additional GPUs from ['qa-a10-023', 'qa-a10-024']
2025-07-15 23:11:55,018 - INFO - Scaling task job_1890917 with additional GPUs from ['qa-a10-023', 'qa-a10-024']
2025-07-15 23:12:02,986 - INFO - Scaling task job_1890917 with additional GPUs from ['qa-a10-023', 'qa-a10-024']
2025-07-15 23:12:10,935 - INFO - Scaling task job_1890917 with additional GPUs from ['qa-a10-023', 'qa-a10-024']
2025-07-15 23:12:18,875 - INFO - Scaling task job_1890917 with additional GPUs from ['qa-a10-023', 'qa-a10-024']
2025-07-15 23:12:26,862 - INFO - Scaling task job_1890917 with additional GPUs from ['qa-a10-023', 'qa-a10-024']
2025-07-15 23:12:34,809 - INFO - Scaling task job_1890917 with additional GPUs from ['qa-a10-023', 'qa-a10-024']
2025-07-15 23:12:42,731 - INFO - Scaling task job_1890917 with additional GPUs from ['qa-a10-023', 'qa-a10-024']
2025-07-15 23:12:50,679 - INFO - Scaling task job_1890917 with additional GPUs from ['qa-a10-023', 'qa-a10-024']
2025-07-15 23:12:58,652 - INFO - Scaling task job_1890917 with additional GPUs from ['qa-a10-023', 'qa-a10-024']
2025-07-15 23:13:06,620 - INFO - Scaling task job_1890917 with additional GPUs from ['qa-a10-023', 'qa-a10-024']
2025-07-15 23:13:14,585 - INFO - Scaling task job_1890917 with additional GPUs from ['qa-a10-023', 'qa-a10-024']
2025-07-15 23:13:22,547 - INFO - Scaling task job_1890917 with additional GPUs from ['qa-a10-023', 'qa-a10-024']
2025-07-15 23:13:30,525 - INFO - Scaling task job_1890917 with additional GPUs from ['qa-a10-023', 'qa-a10-024']
2025-07-15 23:13:38,488 - INFO - Scaling task job_1890917 with additional GPUs from ['qa-a10-024']
2025-07-15 23:13:46,460 - INFO - Scaling task job_1890917 with additional GPUs from ['qa-a10-024']
2025-07-15 23:13:54,426 - INFO - Scaling task job_1890917 with additional GPUs from ['qa-a10-024']
2025-07-15 23:14:02,382 - INFO - Scaling task job_1890917 with additional GPUs from ['qa-a10-024']
2025-07-15 23:14:10,348 - INFO - Scaling task job_1890917 with additional GPUs from ['qa-a10-024']
2025-07-15 23:14:18,319 - INFO - Scaling task job_1890917 with additional GPUs from ['qa-a10-024']
2025-07-15 23:14:26,282 - INFO - Scaling task job_1890917 with additional GPUs from ['qa-a10-024']
2025-07-15 23:14:34,223 - INFO - Scaling task job_1890917 with additional GPUs from ['qa-a10-024']
2025-07-15 23:14:42,246 - INFO - Scaling task job_1890917 with additional GPUs from ['qa-a10-024']
2025-07-15 23:14:50,197 - INFO - Scaling task job_1890917 with additional GPUs from ['qa-a10-024']
2025-07-15 23:14:58,158 - INFO - Scaling task job_1890917 with additional GPUs from ['qa-a10-024']
2025-07-15 23:15:06,103 - INFO - Scaling task job_1890917 with additional GPUs from ['qa-a10-024']
2025-07-15 23:15:17,267 - INFO - GPU monitoring started
2025-07-15 23:15:20,197 - INFO - Attempting to acquire 1 new GPU(s) to meet reservation target.
2025-07-15 23:17:48,710 - INFO - GPU monitoring started
2025-07-15 23:17:51,714 - INFO - Attempting to acquire 1 new GPU(s) to meet reservation target.
2025-07-15 23:20:15,390 - INFO - Received shutdown signal, cleaning up...
2025-07-15 23:20:20,390 - INFO - GPU monitoring stopped
2025-07-15 23:21:00,028 - INFO - GPU monitoring started
2025-07-15 23:21:14,352 - INFO - GPU monitoring started
2025-07-15 23:24:55,732 - INFO - Attempting to acquire 1 new GPU(s) to meet reservation target.
2025-07-15 23:44:41,790 - INFO - GPU monitoring started
2025-07-15 23:44:44,618 - INFO - Attempting to acquire 2 new GPU(s) to meet reservation target.
2025-07-15 23:51:41,538 - INFO - GPU monitoring started
2025-07-15 23:51:47,401 - INFO - Received shutdown signal, cleaning up...
2025-07-15 23:51:47,511 - ERROR - Unable to execute free_gpus.sh @crc_gpu: Command '['free_gpus.sh', '@crc_gpu']' died with <Signals.SIGTERM: 15>.
2025-07-15 23:51:48,515 - INFO - GPU monitoring stopped
2025-07-15 23:52:23,177 - INFO - GPU monitoring started
2025-07-15 23:52:29,037 - INFO - Received shutdown signal, cleaning up...
2025-07-15 23:52:29,859 - INFO - GPU monitoring stopped
2025-07-15 23:52:43,870 - INFO - GPU monitoring started
2025-07-15 23:52:51,144 - INFO - Received shutdown signal, cleaning up...
2025-07-15 23:52:51,559 - INFO - GPU monitoring stopped
